android/app/build/intermediates/manifest_merge_blame_file/release/manifest-merger-blame-release-report.txt
1<?xml version="1.0" encoding="utf-8"?>
2<manifest xmlns:android="http://schemas.android.com/apk/res/android"
3    package="com.quranhackathon"
4    android:versionCode="1"
5    android:versionName="1.0" >
6
7    <uses-sdk
8        android:minSdkVersion="21"
8-->src/main/AndroidManifest.xml
9        android:targetSdkVersion="29" />
9-->src/main/AndroidManifest.xml
10
11    <uses-permission android:name="android.permission.INTERNET" />
11-->src/main/AndroidManifest.xml:4:5-67
11-->src/main/AndroidManifest.xml:4:22-64
12    <uses-permission android:name="android.permission.WRITE_EXTERNAL_STORAGE" />
12-->[:react-native-voice_voice] AndroidManifest.xml:13:5-81
12-->[:react-native-voice_voice] AndroidManifest.xml:13:22-78
13    <uses-permission android:name="android.permission.STORAGE" />
13-->[:react-native-voice_voice] AndroidManifest.xml:14:5-66
13-->[:react-native-voice_voice] AndroidManifest.xml:14:22-63
14    <uses-permission android:name="android.permission.MODIFY_AUDIO_SETTINGS" />
14-->[:react-native-voice_voice] AndroidManifest.xml:15:5-80
14-->[:react-native-voice_voice] AndroidManifest.xml:15:22-77
15    <uses-permission android:name="android.permission.RECORD_AUDIO" />
15-->[:react-native-voice_voice] AndroidManifest.xml:16:5-71
15-->[:react-native-voice_voice] AndroidManifest.xml:16:22-68
16
17    <application
17-->src/main/AndroidManifest.xml:6:5-24:19
18        android:name="com.quranhackathon.MainApplication"
18-->src/main/AndroidManifest.xml:7:7-38
19        android:allowBackup="false"
19-->src/main/AndroidManifest.xml:11:7-34
20        android:appComponentFactory="androidx.core.app.CoreComponentFactory"
20-->[androidx.core:core:1.3.2] AndroidManifest.xml:24:18-86
21        android:icon="@mipmap/ic_launcher"
21-->src/main/AndroidManifest.xml:9:7-41
22        android:label="@string/app_name"
22-->src/main/AndroidManifest.xml:8:7-39
23        android:roundIcon="@mipmap/ic_launcher_round"
23-->src/main/AndroidManifest.xml:10:7-52
24        android:theme="@style/AppTheme" >
24-->src/main/AndroidManifest.xml:12:7-38
25        <activity
25-->src/main/AndroidManifest.xml:13:7-23:18
26            android:name="com.quranhackathon.MainActivity"
26-->src/main/AndroidManifest.xml:14:9-37
27            android:configChanges="keyboard|keyboardHidden|orientation|screenSize|uiMode"
27-->src/main/AndroidManifest.xml:16:9-86
28            android:label="@string/app_name"
28-->src/main/AndroidManifest.xml:15:9-41
29            android:launchMode="singleTask"
29-->src/main/AndroidManifest.xml:17:9-40
30            android:windowSoftInputMode="adjustResize" >
30-->src/main/AndroidManifest.xml:18:9-51
31            <intent-filter>
31-->src/main/AndroidManifest.xml:19:9-22:25
32                <action android:name="android.intent.action.MAIN" />
32-->src/main/AndroidManifest.xml:20:13-65
32-->src/main/AndroidManifest.xml:20:21-62
33
34                <category android:name="android.intent.category.LAUNCHER" />
34-->src/main/AndroidManifest.xml:21:13-73
34-->src/main/AndroidManifest.xml:21:23-70
35            </intent-filter>
36        </activity>
37        <activity
37-->[:react-native-navigation] AndroidManifest.xml:12:9-14:40
38            android:name="com.facebook.react.devsupport.DevSettingsActivity"
38-->[:react-native-navigation] AndroidManifest.xml:13:13-77
39            android:exported="false" />
39-->[:react-native-navigation] AndroidManifest.xml:14:13-37
40    </application>
41
42</manifest>